Importer Log Report
Document: C:\GitRepositories\IPS\IPS.kicad_pcb
    Section : Analyze Document from - C:\GitRepositories\IPS\IPS.kicad_pcb
        Warning: Pad name is empty, autogenerated name 'Un1' assigned to pad pad.
        Warning: Pad name is empty, autogenerated name 'Un2' assigned to pad pad.
        Warning: Pad name is empty, autogenerated name 'Un3' assigned to pad pad.
        Warning: Pad name is empty, autogenerated name 'Un4' assigned to pad pad.
    EndSection
    Section : Import Document - C:\GitRepositories\IPS\Imported (1) IPS\IPS.PcbDoc
        Section : Component J2 importing.
        EndSection
        Section : Component J5 importing.
        EndSection
        Section : Component D3 importing.
        EndSection
        Section : Component Q1 importing.
        EndSection
        Section : Component JP9 importing.
        EndSection
        Section : Component JP10 importing.
        EndSection
        Section : Component R6 importing.
        EndSection
        Section : Component D1 importing.
        EndSection
        Section : Component JP5 importing.
        EndSection
        Section : Component FB1 importing.
        EndSection
        Section : Component JP6 importing.
        EndSection
        Section : Component J8 importing.
        EndSection
        Section : Component C7 importing.
        EndSection
        Section : Component JP8 importing.
        EndSection
        Section : Component JP4 importing.
        EndSection
        Section : Component JP7 importing.
        EndSection
        Section : Component L1 importing.
        EndSection
        Section : Component D13 importing.
        EndSection
        Section : Component K1 importing.
        EndSection
        Section : Component C10 importing.
        EndSection
        Section : Component Je1 importing.
        EndSection
        Section : Component C8 importing.
        EndSection
        Section : Component F3 importing.
        EndSection
        Section : Component R4 importing.
        EndSection
        Section : Component JP2 importing.
        EndSection
        Section : Component R5 importing.
        EndSection
        Section : Component FB2 importing.
        EndSection
        Section : Component R11 importing.
        EndSection
        Section : Component J4 importing.
        EndSection
        Section : Component D7 importing.
        EndSection
        Section : Component U1 importing.
        EndSection
        Section : Component JP1 importing.
        EndSection
        Section : Component R8 importing.
        EndSection
        Section : Component C1 importing.
        EndSection
        Section : Component D5 importing.
        EndSection
        Section : Component R7 importing.
        EndSection
        Section : Component J7 importing.
        EndSection
        Section : Component R1 importing.
        EndSection
        Section : Component R13 importing.
        EndSection
        Section : Component R12 importing.
        EndSection
        Section : Component D9 importing.
        EndSection
        Section : Component R3 importing.
        EndSection
        Section : Component D2 importing.
        EndSection
        Section : Component R10 importing.
        EndSection
        Section : Component C9 importing.
        EndSection
        Section : Component J3 importing.
        EndSection
        Section : Component U3 importing.
        EndSection
        Section : Component F2 importing.
        EndSection
        Section : Component J6 importing.
        EndSection
        Section : Component R9 importing.
        EndSection
        Section : Component D8 importing.
        EndSection
        Section : Component C11 importing.
        EndSection
        Section : Component JP3 importing.
        EndSection
        Section : Component D6 importing.
        EndSection
        Section : Component D12 importing.
        EndSection
        Section : Component F1 importing.
        EndSection
        Section : Component D11 importing.
        EndSection
        Section : Component C2 importing.
        EndSection
        Section : Component C3 importing.
        EndSection
        Section : Component J1 importing.
        EndSection
        Section : Component D10 importing.
        EndSection
        Section : Component C4 importing.
        EndSection
        Section : Component C5 importing.
        EndSection
        Section : Component U2 importing.
        EndSection
        Section : Component C6 importing.
        EndSection
        Section : Component D4 importing.
        EndSection
        Section : Component R2 importing.
        EndSection
    EndSection
